  main.cpp
F:\Graphics Project\Market Maven\sphere.h(177,26): warning C4244: 'initializing': conversion from 'double' to 'float', possible loss of data
  (compiling source file 'main.cpp')
  
F:\Graphics Project\Market Maven\sphere.h(178,25): warning C4244: 'initializing': conversion from 'double' to 'float', possible loss of data
  (compiling source file 'main.cpp')
  
F:\Graphics Project\Market Maven\sphere.h(180,26): warning C4244: 'initializing': conversion from 'double' to 'float', possible loss of data
  (compiling source file 'main.cpp')
  
F:\Graphics Project\Market Maven\Sphere2.h(188,26): warning C4244: 'initializing': conversion from 'double' to 'float', possible loss of data
  (compiling source file 'main.cpp')
  
F:\Graphics Project\Market Maven\Sphere2.h(189,25): warning C4244: 'initializing': conversion from 'double' to 'float', possible loss of data
  (compiling source file 'main.cpp')
  
F:\Graphics Project\Market Maven\Sphere2.h(191,26): warning C4244: 'initializing': conversion from 'double' to 'float', possible loss of data
  (compiling source file 'main.cpp')
  
F:\Graphics Project\Market Maven\Sphere2.h(268,26): warning C4244: 'initializing': conversion from 'double' to 'float', possible loss of data
  (compiling source file 'main.cpp')
  
F:\Graphics Project\Market Maven\Sphere2.h(269,25): warning C4244: 'initializing': conversion from 'double' to 'float', possible loss of data
  (compiling source file 'main.cpp')
  
F:\Graphics Project\Market Maven\Sphere2.h(273,30): warning C4244: 'initializing': conversion from 'double' to 'float', possible loss of data
  (compiling source file 'main.cpp')
  
F:\Graphics Project\Market Maven\Sphere2.h(324,26): warning C4244: 'initializing': conversion from 'double' to 'float', possible loss of data
  (compiling source file 'main.cpp')
  
F:\Graphics Project\Market Maven\Sphere2.h(325,25): warning C4244: 'initializing': conversion from 'double' to 'float', possible loss of data
  (compiling source file 'main.cpp')
  
F:\Graphics Project\Market Maven\Sphere2.h(330,33): warning C4244: '=': conversion from 'double' to 'float', possible loss of data
  (compiling source file 'main.cpp')
  
F:\Graphics Project\Market Maven\main.cpp(70,1): warning C4305: 'initializing': truncation from 'double' to '_Ty'
F:\Graphics Project\Market Maven\main.cpp(70,1): warning C4305:         with
F:\Graphics Project\Market Maven\main.cpp(70,1): warning C4305:         [
F:\Graphics Project\Market Maven\main.cpp(70,1): warning C4305:             _Ty=float
F:\Graphics Project\Market Maven\main.cpp(70,1): warning C4305:         ]
F:\Graphics Project\Market Maven\main.cpp(70,10): warning C4305: 'initializing': truncation from 'double' to '_Ty'
F:\Graphics Project\Market Maven\main.cpp(70,10): warning C4305:         with
F:\Graphics Project\Market Maven\main.cpp(70,10): warning C4305:         [
F:\Graphics Project\Market Maven\main.cpp(70,10): warning C4305:             _Ty=float
F:\Graphics Project\Market Maven\main.cpp(70,10): warning C4305:         ]
F:\Graphics Project\Market Maven\main.cpp(70,18): warning C4305: 'initializing': truncation from 'double' to '_Ty'
F:\Graphics Project\Market Maven\main.cpp(70,18): warning C4305:         with
F:\Graphics Project\Market Maven\main.cpp(70,18): warning C4305:         [
F:\Graphics Project\Market Maven\main.cpp(70,18): warning C4305:             _Ty=float
F:\Graphics Project\Market Maven\main.cpp(70,18): warning C4305:         ]
F:\Graphics Project\Market Maven\main.cpp(71,1): warning C4305: 'initializing': truncation from 'double' to '_Ty'
F:\Graphics Project\Market Maven\main.cpp(71,1): warning C4305:         with
F:\Graphics Project\Market Maven\main.cpp(71,1): warning C4305:         [
F:\Graphics Project\Market Maven\main.cpp(71,1): warning C4305:             _Ty=float
F:\Graphics Project\Market Maven\main.cpp(71,1): warning C4305:         ]
F:\Graphics Project\Market Maven\main.cpp(71,10): warning C4305: 'initializing': truncation from 'double' to '_Ty'
F:\Graphics Project\Market Maven\main.cpp(71,10): warning C4305:         with
F:\Graphics Project\Market Maven\main.cpp(71,10): warning C4305:         [
F:\Graphics Project\Market Maven\main.cpp(71,10): warning C4305:             _Ty=float
F:\Graphics Project\Market Maven\main.cpp(71,10): warning C4305:         ]
F:\Graphics Project\Market Maven\main.cpp(71,18): warning C4305: 'initializing': truncation from 'double' to '_Ty'
F:\Graphics Project\Market Maven\main.cpp(71,18): warning C4305:         with
F:\Graphics Project\Market Maven\main.cpp(71,18): warning C4305:         [
F:\Graphics Project\Market Maven\main.cpp(71,18): warning C4305:             _Ty=float
F:\Graphics Project\Market Maven\main.cpp(71,18): warning C4305:         ]
F:\Graphics Project\Market Maven\main.cpp(72,1): warning C4305: 'initializing': truncation from 'double' to '_Ty'
F:\Graphics Project\Market Maven\main.cpp(72,1): warning C4305:         with
F:\Graphics Project\Market Maven\main.cpp(72,1): warning C4305:         [
F:\Graphics Project\Market Maven\main.cpp(72,1): warning C4305:             _Ty=float
F:\Graphics Project\Market Maven\main.cpp(72,1): warning C4305:         ]
F:\Graphics Project\Market Maven\main.cpp(72,10): warning C4305: 'initializing': truncation from 'double' to '_Ty'
F:\Graphics Project\Market Maven\main.cpp(72,10): warning C4305:         with
F:\Graphics Project\Market Maven\main.cpp(72,10): warning C4305:         [
F:\Graphics Project\Market Maven\main.cpp(72,10): warning C4305:             _Ty=float
F:\Graphics Project\Market Maven\main.cpp(72,10): warning C4305:         ]
F:\Graphics Project\Market Maven\main.cpp(72,18): warning C4305: 'initializing': truncation from 'double' to '_Ty'
F:\Graphics Project\Market Maven\main.cpp(72,18): warning C4305:         with
F:\Graphics Project\Market Maven\main.cpp(72,18): warning C4305:         [
F:\Graphics Project\Market Maven\main.cpp(72,18): warning C4305:             _Ty=float
F:\Graphics Project\Market Maven\main.cpp(72,18): warning C4305:         ]
F:\Graphics Project\Market Maven\main.cpp(73,1): warning C4305: 'initializing': truncation from 'double' to '_Ty'
F:\Graphics Project\Market Maven\main.cpp(73,1): warning C4305:         with
F:\Graphics Project\Market Maven\main.cpp(73,1): warning C4305:         [
F:\Graphics Project\Market Maven\main.cpp(73,1): warning C4305:             _Ty=float
F:\Graphics Project\Market Maven\main.cpp(73,1): warning C4305:         ]
F:\Graphics Project\Market Maven\main.cpp(73,10): warning C4305: 'initializing': truncation from 'double' to '_Ty'
F:\Graphics Project\Market Maven\main.cpp(73,10): warning C4305:         with
F:\Graphics Project\Market Maven\main.cpp(73,10): warning C4305:         [
F:\Graphics Project\Market Maven\main.cpp(73,10): warning C4305:             _Ty=float
F:\Graphics Project\Market Maven\main.cpp(73,10): warning C4305:         ]
F:\Graphics Project\Market Maven\main.cpp(73,18): warning C4305: 'initializing': truncation from 'double' to '_Ty'
F:\Graphics Project\Market Maven\main.cpp(73,18): warning C4305:         with
F:\Graphics Project\Market Maven\main.cpp(73,18): warning C4305:         [
F:\Graphics Project\Market Maven\main.cpp(73,18): warning C4305:             _Ty=float
F:\Graphics Project\Market Maven\main.cpp(73,18): warning C4305:         ]
F:\Graphics Project\Market Maven\main.cpp(74,1): warning C4305: 'initializing': truncation from 'double' to '_Ty'
F:\Graphics Project\Market Maven\main.cpp(74,1): warning C4305:         with
F:\Graphics Project\Market Maven\main.cpp(74,1): warning C4305:         [
F:\Graphics Project\Market Maven\main.cpp(74,1): warning C4305:             _Ty=float
F:\Graphics Project\Market Maven\main.cpp(74,1): warning C4305:         ]
F:\Graphics Project\Market Maven\main.cpp(74,10): warning C4305: 'initializing': truncation from 'double' to '_Ty'
F:\Graphics Project\Market Maven\main.cpp(74,10): warning C4305:         with
F:\Graphics Project\Market Maven\main.cpp(74,10): warning C4305:         [
F:\Graphics Project\Market Maven\main.cpp(74,10): warning C4305:             _Ty=float
F:\Graphics Project\Market Maven\main.cpp(74,10): warning C4305:         ]
F:\Graphics Project\Market Maven\main.cpp(74,18): warning C4305: 'initializing': truncation from 'double' to '_Ty'
F:\Graphics Project\Market Maven\main.cpp(74,18): warning C4305:         with
F:\Graphics Project\Market Maven\main.cpp(74,18): warning C4305:         [
F:\Graphics Project\Market Maven\main.cpp(74,18): warning C4305:             _Ty=float
F:\Graphics Project\Market Maven\main.cpp(74,18): warning C4305:         ]
F:\Graphics Project\Market Maven\main.cpp(75,1): warning C4305: 'initializing': truncation from 'double' to '_Ty'
F:\Graphics Project\Market Maven\main.cpp(75,1): warning C4305:         with
F:\Graphics Project\Market Maven\main.cpp(75,1): warning C4305:         [
F:\Graphics Project\Market Maven\main.cpp(75,1): warning C4305:             _Ty=float
F:\Graphics Project\Market Maven\main.cpp(75,1): warning C4305:         ]
F:\Graphics Project\Market Maven\main.cpp(75,10): warning C4305: 'initializing': truncation from 'double' to '_Ty'
F:\Graphics Project\Market Maven\main.cpp(75,10): warning C4305:         with
F:\Graphics Project\Market Maven\main.cpp(75,10): warning C4305:         [
F:\Graphics Project\Market Maven\main.cpp(75,10): warning C4305:             _Ty=float
F:\Graphics Project\Market Maven\main.cpp(75,10): warning C4305:         ]
F:\Graphics Project\Market Maven\main.cpp(75,18): warning C4305: 'initializing': truncation from 'double' to '_Ty'
F:\Graphics Project\Market Maven\main.cpp(75,18): warning C4305:         with
F:\Graphics Project\Market Maven\main.cpp(75,18): warning C4305:         [
F:\Graphics Project\Market Maven\main.cpp(75,18): warning C4305:             _Ty=float
F:\Graphics Project\Market Maven\main.cpp(75,18): warning C4305:         ]
F:\Graphics Project\Market Maven\main.cpp(76,1): warning C4305: 'initializing': truncation from 'double' to '_Ty'
F:\Graphics Project\Market Maven\main.cpp(76,1): warning C4305:         with
F:\Graphics Project\Market Maven\main.cpp(76,1): warning C4305:         [
F:\Graphics Project\Market Maven\main.cpp(76,1): warning C4305:             _Ty=float
F:\Graphics Project\Market Maven\main.cpp(76,1): warning C4305:         ]
F:\Graphics Project\Market Maven\main.cpp(76,10): warning C4305: 'initializing': truncation from 'double' to '_Ty'
F:\Graphics Project\Market Maven\main.cpp(76,10): warning C4305:         with
F:\Graphics Project\Market Maven\main.cpp(76,10): warning C4305:         [
F:\Graphics Project\Market Maven\main.cpp(76,10): warning C4305:             _Ty=float
F:\Graphics Project\Market Maven\main.cpp(76,10): warning C4305:         ]
F:\Graphics Project\Market Maven\main.cpp(76,18): warning C4305: 'initializing': truncation from 'double' to '_Ty'
F:\Graphics Project\Market Maven\main.cpp(76,18): warning C4305:         with
F:\Graphics Project\Market Maven\main.cpp(76,18): warning C4305:         [
F:\Graphics Project\Market Maven\main.cpp(76,18): warning C4305:             _Ty=float
F:\Graphics Project\Market Maven\main.cpp(76,18): warning C4305:         ]
F:\Graphics Project\Market Maven\main.cpp(77,1): warning C4305: 'initializing': truncation from 'double' to '_Ty'
F:\Graphics Project\Market Maven\main.cpp(77,1): warning C4305:         with
F:\Graphics Project\Market Maven\main.cpp(77,1): warning C4305:         [
F:\Graphics Project\Market Maven\main.cpp(77,1): warning C4305:             _Ty=float
F:\Graphics Project\Market Maven\main.cpp(77,1): warning C4305:         ]
F:\Graphics Project\Market Maven\main.cpp(77,18): warning C4305: 'initializing': truncation from 'double' to '_Ty'
F:\Graphics Project\Market Maven\main.cpp(77,18): warning C4305:         with
F:\Graphics Project\Market Maven\main.cpp(77,18): warning C4305:         [
F:\Graphics Project\Market Maven\main.cpp(77,18): warning C4305:             _Ty=float
F:\Graphics Project\Market Maven\main.cpp(77,18): warning C4305:         ]
F:\Graphics Project\Market Maven\main.cpp(78,1): warning C4305: 'initializing': truncation from 'double' to '_Ty'
F:\Graphics Project\Market Maven\main.cpp(78,1): warning C4305:         with
F:\Graphics Project\Market Maven\main.cpp(78,1): warning C4305:         [
F:\Graphics Project\Market Maven\main.cpp(78,1): warning C4305:             _Ty=float
F:\Graphics Project\Market Maven\main.cpp(78,1): warning C4305:         ]
F:\Graphics Project\Market Maven\main.cpp(78,10): warning C4305: 'initializing': truncation from 'double' to '_Ty'
F:\Graphics Project\Market Maven\main.cpp(78,10): warning C4305:         with
F:\Graphics Project\Market Maven\main.cpp(78,10): warning C4305:         [
F:\Graphics Project\Market Maven\main.cpp(78,10): warning C4305:             _Ty=float
F:\Graphics Project\Market Maven\main.cpp(78,10): warning C4305:         ]
F:\Graphics Project\Market Maven\main.cpp(78,18): warning C4305: 'initializing': truncation from 'double' to '_Ty'
F:\Graphics Project\Market Maven\main.cpp(78,18): warning C4305:         with
F:\Graphics Project\Market Maven\main.cpp(78,18): warning C4305:         [
F:\Graphics Project\Market Maven\main.cpp(78,18): warning C4305:             _Ty=float
F:\Graphics Project\Market Maven\main.cpp(78,18): warning C4305:         ]
F:\Graphics Project\Market Maven\main.cpp(79,1): warning C4305: 'initializing': truncation from 'double' to '_Ty'
F:\Graphics Project\Market Maven\main.cpp(79,1): warning C4305:         with
F:\Graphics Project\Market Maven\main.cpp(79,1): warning C4305:         [
F:\Graphics Project\Market Maven\main.cpp(79,1): warning C4305:             _Ty=float
F:\Graphics Project\Market Maven\main.cpp(79,1): warning C4305:         ]
F:\Graphics Project\Market Maven\main.cpp(79,10): warning C4305: 'initializing': truncation from 'double' to '_Ty'
F:\Graphics Project\Market Maven\main.cpp(79,10): warning C4305:         with
F:\Graphics Project\Market Maven\main.cpp(79,10): warning C4305:         [
F:\Graphics Project\Market Maven\main.cpp(79,10): warning C4305:             _Ty=float
F:\Graphics Project\Market Maven\main.cpp(79,10): warning C4305:         ]
F:\Graphics Project\Market Maven\main.cpp(79,18): warning C4305: 'initializing': truncation from 'double' to '_Ty'
F:\Graphics Project\Market Maven\main.cpp(79,18): warning C4305:         with
F:\Graphics Project\Market Maven\main.cpp(79,18): warning C4305:         [
F:\Graphics Project\Market Maven\main.cpp(79,18): warning C4305:             _Ty=float
F:\Graphics Project\Market Maven\main.cpp(79,18): warning C4305:         ]
F:\Graphics Project\Market Maven\main.cpp(80,1): warning C4305: 'initializing': truncation from 'double' to '_Ty'
F:\Graphics Project\Market Maven\main.cpp(80,1): warning C4305:         with
F:\Graphics Project\Market Maven\main.cpp(80,1): warning C4305:         [
F:\Graphics Project\Market Maven\main.cpp(80,1): warning C4305:             _Ty=float
F:\Graphics Project\Market Maven\main.cpp(80,1): warning C4305:         ]
F:\Graphics Project\Market Maven\main.cpp(80,10): warning C4305: 'initializing': truncation from 'double' to '_Ty'
F:\Graphics Project\Market Maven\main.cpp(80,10): warning C4305:         with
F:\Graphics Project\Market Maven\main.cpp(80,10): warning C4305:         [
F:\Graphics Project\Market Maven\main.cpp(80,10): warning C4305:             _Ty=float
F:\Graphics Project\Market Maven\main.cpp(80,10): warning C4305:         ]
F:\Graphics Project\Market Maven\main.cpp(80,18): warning C4305: 'initializing': truncation from 'double' to '_Ty'
F:\Graphics Project\Market Maven\main.cpp(80,18): warning C4305:         with
F:\Graphics Project\Market Maven\main.cpp(80,18): warning C4305:         [
F:\Graphics Project\Market Maven\main.cpp(80,18): warning C4305:             _Ty=float
F:\Graphics Project\Market Maven\main.cpp(80,18): warning C4305:         ]
F:\Graphics Project\Market Maven\main.cpp(81,1): warning C4305: 'initializing': truncation from 'double' to '_Ty'
F:\Graphics Project\Market Maven\main.cpp(81,1): warning C4305:         with
F:\Graphics Project\Market Maven\main.cpp(81,1): warning C4305:         [
F:\Graphics Project\Market Maven\main.cpp(81,1): warning C4305:             _Ty=float
F:\Graphics Project\Market Maven\main.cpp(81,1): warning C4305:         ]
F:\Graphics Project\Market Maven\main.cpp(81,10): warning C4305: 'initializing': truncation from 'double' to '_Ty'
F:\Graphics Project\Market Maven\main.cpp(81,10): warning C4305:         with
F:\Graphics Project\Market Maven\main.cpp(81,10): warning C4305:         [
F:\Graphics Project\Market Maven\main.cpp(81,10): warning C4305:             _Ty=float
F:\Graphics Project\Market Maven\main.cpp(81,10): warning C4305:         ]
F:\Graphics Project\Market Maven\main.cpp(81,18): warning C4305: 'initializing': truncation from 'double' to '_Ty'
F:\Graphics Project\Market Maven\main.cpp(81,18): warning C4305:         with
F:\Graphics Project\Market Maven\main.cpp(81,18): warning C4305:         [
F:\Graphics Project\Market Maven\main.cpp(81,18): warning C4305:             _Ty=float
F:\Graphics Project\Market Maven\main.cpp(81,18): warning C4305:         ]
F:\Graphics Project\Market Maven\main.cpp(82,1): warning C4305: 'initializing': truncation from 'double' to '_Ty'
F:\Graphics Project\Market Maven\main.cpp(82,1): warning C4305:         with
F:\Graphics Project\Market Maven\main.cpp(82,1): warning C4305:         [
F:\Graphics Project\Market Maven\main.cpp(82,1): warning C4305:             _Ty=float
F:\Graphics Project\Market Maven\main.cpp(82,1): warning C4305:         ]
F:\Graphics Project\Market Maven\main.cpp(82,10): warning C4305: 'initializing': truncation from 'double' to '_Ty'
F:\Graphics Project\Market Maven\main.cpp(82,10): warning C4305:         with
F:\Graphics Project\Market Maven\main.cpp(82,10): warning C4305:         [
F:\Graphics Project\Market Maven\main.cpp(82,10): warning C4305:             _Ty=float
F:\Graphics Project\Market Maven\main.cpp(82,10): warning C4305:         ]
F:\Graphics Project\Market Maven\main.cpp(82,18): warning C4305: 'initializing': truncation from 'double' to '_Ty'
F:\Graphics Project\Market Maven\main.cpp(82,18): warning C4305:         with
F:\Graphics Project\Market Maven\main.cpp(82,18): warning C4305:         [
F:\Graphics Project\Market Maven\main.cpp(82,18): warning C4305:             _Ty=float
F:\Graphics Project\Market Maven\main.cpp(82,18): warning C4305:         ]
F:\Graphics Project\Market Maven\main.cpp(83,1): warning C4305: 'initializing': truncation from 'double' to '_Ty'
F:\Graphics Project\Market Maven\main.cpp(83,1): warning C4305:         with
F:\Graphics Project\Market Maven\main.cpp(83,1): warning C4305:         [
F:\Graphics Project\Market Maven\main.cpp(83,1): warning C4305:             _Ty=float
F:\Graphics Project\Market Maven\main.cpp(83,1): warning C4305:         ]
F:\Graphics Project\Market Maven\main.cpp(83,10): warning C4305: 'initializing': truncation from 'double' to '_Ty'
F:\Graphics Project\Market Maven\main.cpp(83,10): warning C4305:         with
F:\Graphics Project\Market Maven\main.cpp(83,10): warning C4305:         [
F:\Graphics Project\Market Maven\main.cpp(83,10): warning C4305:             _Ty=float
F:\Graphics Project\Market Maven\main.cpp(83,10): warning C4305:         ]
F:\Graphics Project\Market Maven\main.cpp(83,18): warning C4305: 'initializing': truncation from 'double' to '_Ty'
F:\Graphics Project\Market Maven\main.cpp(83,18): warning C4305:         with
F:\Graphics Project\Market Maven\main.cpp(83,18): warning C4305:         [
F:\Graphics Project\Market Maven\main.cpp(83,18): warning C4305:             _Ty=float
F:\Graphics Project\Market Maven\main.cpp(83,18): warning C4305:         ]
F:\Graphics Project\Market Maven\main.cpp(84,1): warning C4305: 'initializing': truncation from 'double' to '_Ty'
F:\Graphics Project\Market Maven\main.cpp(84,1): warning C4305:         with
F:\Graphics Project\Market Maven\main.cpp(84,1): warning C4305:         [
F:\Graphics Project\Market Maven\main.cpp(84,1): warning C4305:             _Ty=float
F:\Graphics Project\Market Maven\main.cpp(84,1): warning C4305:         ]
F:\Graphics Project\Market Maven\main.cpp(84,9): warning C4305: 'initializing': truncation from 'double' to '_Ty'
F:\Graphics Project\Market Maven\main.cpp(84,9): warning C4305:         with
F:\Graphics Project\Market Maven\main.cpp(84,9): warning C4305:         [
F:\Graphics Project\Market Maven\main.cpp(84,9): warning C4305:             _Ty=float
F:\Graphics Project\Market Maven\main.cpp(84,9): warning C4305:         ]
F:\Graphics Project\Market Maven\main.cpp(84,17): warning C4305: 'initializing': truncation from 'double' to '_Ty'
F:\Graphics Project\Market Maven\main.cpp(84,17): warning C4305:         with
F:\Graphics Project\Market Maven\main.cpp(84,17): warning C4305:         [
F:\Graphics Project\Market Maven\main.cpp(84,17): warning C4305:             _Ty=float
F:\Graphics Project\Market Maven\main.cpp(84,17): warning C4305:         ]
F:\Graphics Project\Market Maven\main.cpp(85,1): warning C4305: 'initializing': truncation from 'double' to '_Ty'
F:\Graphics Project\Market Maven\main.cpp(85,1): warning C4305:         with
F:\Graphics Project\Market Maven\main.cpp(85,1): warning C4305:         [
F:\Graphics Project\Market Maven\main.cpp(85,1): warning C4305:             _Ty=float
F:\Graphics Project\Market Maven\main.cpp(85,1): warning C4305:         ]
F:\Graphics Project\Market Maven\main.cpp(85,9): warning C4305: 'initializing': truncation from 'double' to '_Ty'
F:\Graphics Project\Market Maven\main.cpp(85,9): warning C4305:         with
F:\Graphics Project\Market Maven\main.cpp(85,9): warning C4305:         [
F:\Graphics Project\Market Maven\main.cpp(85,9): warning C4305:             _Ty=float
F:\Graphics Project\Market Maven\main.cpp(85,9): warning C4305:         ]
F:\Graphics Project\Market Maven\main.cpp(85,17): warning C4305: 'initializing': truncation from 'double' to '_Ty'
F:\Graphics Project\Market Maven\main.cpp(85,17): warning C4305:         with
F:\Graphics Project\Market Maven\main.cpp(85,17): warning C4305:         [
F:\Graphics Project\Market Maven\main.cpp(85,17): warning C4305:             _Ty=float
F:\Graphics Project\Market Maven\main.cpp(85,17): warning C4305:         ]
F:\Graphics Project\Market Maven\main.cpp(86,1): warning C4305: 'initializing': truncation from 'double' to '_Ty'
F:\Graphics Project\Market Maven\main.cpp(86,1): warning C4305:         with
F:\Graphics Project\Market Maven\main.cpp(86,1): warning C4305:         [
F:\Graphics Project\Market Maven\main.cpp(86,1): warning C4305:             _Ty=float
F:\Graphics Project\Market Maven\main.cpp(86,1): warning C4305:         ]
F:\Graphics Project\Market Maven\main.cpp(86,9): warning C4305: 'initializing': truncation from 'double' to '_Ty'
F:\Graphics Project\Market Maven\main.cpp(86,9): warning C4305:         with
F:\Graphics Project\Market Maven\main.cpp(86,9): warning C4305:         [
F:\Graphics Project\Market Maven\main.cpp(86,9): warning C4305:             _Ty=float
F:\Graphics Project\Market Maven\main.cpp(86,9): warning C4305:         ]
F:\Graphics Project\Market Maven\main.cpp(86,17): warning C4305: 'initializing': truncation from 'double' to '_Ty'
F:\Graphics Project\Market Maven\main.cpp(86,17): warning C4305:         with
F:\Graphics Project\Market Maven\main.cpp(86,17): warning C4305:         [
F:\Graphics Project\Market Maven\main.cpp(86,17): warning C4305:             _Ty=float
F:\Graphics Project\Market Maven\main.cpp(86,17): warning C4305:         ]
F:\Graphics Project\Market Maven\main.cpp(87,1): warning C4305: 'initializing': truncation from 'double' to '_Ty'
F:\Graphics Project\Market Maven\main.cpp(87,1): warning C4305:         with
F:\Graphics Project\Market Maven\main.cpp(87,1): warning C4305:         [
F:\Graphics Project\Market Maven\main.cpp(87,1): warning C4305:             _Ty=float
F:\Graphics Project\Market Maven\main.cpp(87,1): warning C4305:         ]
F:\Graphics Project\Market Maven\main.cpp(87,10): warning C4305: 'initializing': truncation from 'double' to '_Ty'
F:\Graphics Project\Market Maven\main.cpp(87,10): warning C4305:         with
F:\Graphics Project\Market Maven\main.cpp(87,10): warning C4305:         [
F:\Graphics Project\Market Maven\main.cpp(87,10): warning C4305:             _Ty=float
F:\Graphics Project\Market Maven\main.cpp(87,10): warning C4305:         ]
F:\Graphics Project\Market Maven\main.cpp(87,18): warning C4305: 'initializing': truncation from 'double' to '_Ty'
F:\Graphics Project\Market Maven\main.cpp(87,18): warning C4305:         with
F:\Graphics Project\Market Maven\main.cpp(87,18): warning C4305:         [
F:\Graphics Project\Market Maven\main.cpp(87,18): warning C4305:             _Ty=float
F:\Graphics Project\Market Maven\main.cpp(87,18): warning C4305:         ]
F:\Graphics Project\Market Maven\main.cpp(88,1): warning C4305: 'initializing': truncation from 'double' to '_Ty'
F:\Graphics Project\Market Maven\main.cpp(88,1): warning C4305:         with
F:\Graphics Project\Market Maven\main.cpp(88,1): warning C4305:         [
F:\Graphics Project\Market Maven\main.cpp(88,1): warning C4305:             _Ty=float
F:\Graphics Project\Market Maven\main.cpp(88,1): warning C4305:         ]
F:\Graphics Project\Market Maven\main.cpp(88,10): warning C4305: 'initializing': truncation from 'double' to '_Ty'
F:\Graphics Project\Market Maven\main.cpp(88,10): warning C4305:         with
F:\Graphics Project\Market Maven\main.cpp(88,10): warning C4305:         [
F:\Graphics Project\Market Maven\main.cpp(88,10): warning C4305:             _Ty=float
F:\Graphics Project\Market Maven\main.cpp(88,10): warning C4305:         ]
F:\Graphics Project\Market Maven\main.cpp(88,18): warning C4305: 'initializing': truncation from 'double' to '_Ty'
F:\Graphics Project\Market Maven\main.cpp(88,18): warning C4305:         with
F:\Graphics Project\Market Maven\main.cpp(88,18): warning C4305:         [
F:\Graphics Project\Market Maven\main.cpp(88,18): warning C4305:             _Ty=float
F:\Graphics Project\Market Maven\main.cpp(88,18): warning C4305:         ]
F:\Graphics Project\Market Maven\main.cpp(89,1): warning C4305: 'initializing': truncation from 'double' to '_Ty'
F:\Graphics Project\Market Maven\main.cpp(89,1): warning C4305:         with
F:\Graphics Project\Market Maven\main.cpp(89,1): warning C4305:         [
F:\Graphics Project\Market Maven\main.cpp(89,1): warning C4305:             _Ty=float
F:\Graphics Project\Market Maven\main.cpp(89,1): warning C4305:         ]
F:\Graphics Project\Market Maven\main.cpp(89,18): warning C4305: 'initializing': truncation from 'double' to '_Ty'
F:\Graphics Project\Market Maven\main.cpp(89,18): warning C4305:         with
F:\Graphics Project\Market Maven\main.cpp(89,18): warning C4305:         [
F:\Graphics Project\Market Maven\main.cpp(89,18): warning C4305:             _Ty=float
F:\Graphics Project\Market Maven\main.cpp(89,18): warning C4305:         ]
F:\Graphics Project\Market Maven\main.cpp(90,1): warning C4305: 'initializing': truncation from 'double' to '_Ty'
F:\Graphics Project\Market Maven\main.cpp(90,1): warning C4305:         with
F:\Graphics Project\Market Maven\main.cpp(90,1): warning C4305:         [
F:\Graphics Project\Market Maven\main.cpp(90,1): warning C4305:             _Ty=float
F:\Graphics Project\Market Maven\main.cpp(90,1): warning C4305:         ]
F:\Graphics Project\Market Maven\main.cpp(90,10): warning C4305: 'initializing': truncation from 'double' to '_Ty'
F:\Graphics Project\Market Maven\main.cpp(90,10): warning C4305:         with
F:\Graphics Project\Market Maven\main.cpp(90,10): warning C4305:         [
F:\Graphics Project\Market Maven\main.cpp(90,10): warning C4305:             _Ty=float
F:\Graphics Project\Market Maven\main.cpp(90,10): warning C4305:         ]
F:\Graphics Project\Market Maven\main.cpp(90,18): warning C4305: 'initializing': truncation from 'double' to '_Ty'
F:\Graphics Project\Market Maven\main.cpp(90,18): warning C4305:         with
F:\Graphics Project\Market Maven\main.cpp(90,18): warning C4305:         [
F:\Graphics Project\Market Maven\main.cpp(90,18): warning C4305:             _Ty=float
F:\Graphics Project\Market Maven\main.cpp(90,18): warning C4305:         ]
F:\Graphics Project\Market Maven\main.cpp(91,18): warning C4305: 'initializing': truncation from 'double' to '_Ty'
F:\Graphics Project\Market Maven\main.cpp(91,18): warning C4305:         with
F:\Graphics Project\Market Maven\main.cpp(91,18): warning C4305:         [
F:\Graphics Project\Market Maven\main.cpp(91,18): warning C4305:             _Ty=float
F:\Graphics Project\Market Maven\main.cpp(91,18): warning C4305:         ]
F:\Graphics Project\Market Maven\main.cpp(92,10): warning C4305: 'initializing': truncation from 'double' to '_Ty'
F:\Graphics Project\Market Maven\main.cpp(92,10): warning C4305:         with
F:\Graphics Project\Market Maven\main.cpp(92,10): warning C4305:         [
F:\Graphics Project\Market Maven\main.cpp(92,10): warning C4305:             _Ty=float
F:\Graphics Project\Market Maven\main.cpp(92,10): warning C4305:         ]
F:\Graphics Project\Market Maven\main.cpp(92,18): warning C4305: 'initializing': truncation from 'double' to '_Ty'
F:\Graphics Project\Market Maven\main.cpp(92,18): warning C4305:         with
F:\Graphics Project\Market Maven\main.cpp(92,18): warning C4305:         [
F:\Graphics Project\Market Maven\main.cpp(92,18): warning C4305:             _Ty=float
F:\Graphics Project\Market Maven\main.cpp(92,18): warning C4305:         ]
F:\Graphics Project\Market Maven\main.cpp(93,1): warning C4305: 'initializing': truncation from 'double' to '_Ty'
F:\Graphics Project\Market Maven\main.cpp(93,1): warning C4305:         with
F:\Graphics Project\Market Maven\main.cpp(93,1): warning C4305:         [
F:\Graphics Project\Market Maven\main.cpp(93,1): warning C4305:             _Ty=float
F:\Graphics Project\Market Maven\main.cpp(93,1): warning C4305:         ]
F:\Graphics Project\Market Maven\main.cpp(93,10): warning C4305: 'initializing': truncation from 'double' to '_Ty'
F:\Graphics Project\Market Maven\main.cpp(93,10): warning C4305:         with
F:\Graphics Project\Market Maven\main.cpp(93,10): warning C4305:         [
F:\Graphics Project\Market Maven\main.cpp(93,10): warning C4305:             _Ty=float
F:\Graphics Project\Market Maven\main.cpp(93,10): warning C4305:         ]
F:\Graphics Project\Market Maven\main.cpp(93,18): warning C4305: 'initializing': truncation from 'double' to '_Ty'
F:\Graphics Project\Market Maven\main.cpp(93,18): warning C4305:         with
F:\Graphics Project\Market Maven\main.cpp(93,18): warning C4305:         [
F:\Graphics Project\Market Maven\main.cpp(93,18): warning C4305:             _Ty=float
F:\Graphics Project\Market Maven\main.cpp(93,18): warning C4305:         ]
F:\Graphics Project\Market Maven\main.cpp(94,1): warning C4305: 'initializing': truncation from 'double' to '_Ty'
F:\Graphics Project\Market Maven\main.cpp(94,1): warning C4305:         with
F:\Graphics Project\Market Maven\main.cpp(94,1): warning C4305:         [
F:\Graphics Project\Market Maven\main.cpp(94,1): warning C4305:             _Ty=float
F:\Graphics Project\Market Maven\main.cpp(94,1): warning C4305:         ]
F:\Graphics Project\Market Maven\main.cpp(94,10): warning C4305: 'initializing': truncation from 'double' to '_Ty'
F:\Graphics Project\Market Maven\main.cpp(94,10): warning C4305:         with
F:\Graphics Project\Market Maven\main.cpp(94,10): warning C4305:         [
F:\Graphics Project\Market Maven\main.cpp(94,10): warning C4305:             _Ty=float
F:\Graphics Project\Market Maven\main.cpp(94,10): warning C4305:         ]
F:\Graphics Project\Market Maven\main.cpp(94,18): warning C4305: 'initializing': truncation from 'double' to '_Ty'
F:\Graphics Project\Market Maven\main.cpp(94,18): warning C4305:         with
F:\Graphics Project\Market Maven\main.cpp(94,18): warning C4305:         [
F:\Graphics Project\Market Maven\main.cpp(94,18): warning C4305:             _Ty=float
F:\Graphics Project\Market Maven\main.cpp(94,18): warning C4305:         ]
F:\Graphics Project\Market Maven\main.cpp(95,1): warning C4305: 'initializing': truncation from 'double' to '_Ty'
F:\Graphics Project\Market Maven\main.cpp(95,1): warning C4305:         with
F:\Graphics Project\Market Maven\main.cpp(95,1): warning C4305:         [
F:\Graphics Project\Market Maven\main.cpp(95,1): warning C4305:             _Ty=float
F:\Graphics Project\Market Maven\main.cpp(95,1): warning C4305:         ]
F:\Graphics Project\Market Maven\main.cpp(95,10): warning C4305: 'initializing': truncation from 'double' to '_Ty'
F:\Graphics Project\Market Maven\main.cpp(95,10): warning C4305:         with
F:\Graphics Project\Market Maven\main.cpp(95,10): warning C4305:         [
F:\Graphics Project\Market Maven\main.cpp(95,10): warning C4305:             _Ty=float
F:\Graphics Project\Market Maven\main.cpp(95,10): warning C4305:         ]
F:\Graphics Project\Market Maven\main.cpp(95,18): warning C4305: 'initializing': truncation from 'double' to '_Ty'
F:\Graphics Project\Market Maven\main.cpp(95,18): warning C4305:         with
F:\Graphics Project\Market Maven\main.cpp(95,18): warning C4305:         [
F:\Graphics Project\Market Maven\main.cpp(95,18): warning C4305:             _Ty=float
F:\Graphics Project\Market Maven\main.cpp(95,18): warning C4305:         ]
F:\Graphics Project\Market Maven\main.cpp(96,1): warning C4305: 'initializing': truncation from 'double' to '_Ty'
F:\Graphics Project\Market Maven\main.cpp(96,1): warning C4305:         with
F:\Graphics Project\Market Maven\main.cpp(96,1): warning C4305:         [
F:\Graphics Project\Market Maven\main.cpp(96,1): warning C4305:             _Ty=float
F:\Graphics Project\Market Maven\main.cpp(96,1): warning C4305:         ]
F:\Graphics Project\Market Maven\main.cpp(96,10): warning C4305: 'initializing': truncation from 'double' to '_Ty'
F:\Graphics Project\Market Maven\main.cpp(96,10): warning C4305:         with
F:\Graphics Project\Market Maven\main.cpp(96,10): warning C4305:         [
F:\Graphics Project\Market Maven\main.cpp(96,10): warning C4305:             _Ty=float
F:\Graphics Project\Market Maven\main.cpp(96,10): warning C4305:         ]
F:\Graphics Project\Market Maven\main.cpp(96,18): warning C4305: 'initializing': truncation from 'double' to '_Ty'
F:\Graphics Project\Market Maven\main.cpp(96,18): warning C4305:         with
F:\Graphics Project\Market Maven\main.cpp(96,18): warning C4305:         [
F:\Graphics Project\Market Maven\main.cpp(96,18): warning C4305:             _Ty=float
F:\Graphics Project\Market Maven\main.cpp(96,18): warning C4305:         ]
F:\Graphics Project\Market Maven\main.cpp(97,1): warning C4305: 'initializing': truncation from 'double' to '_Ty'
F:\Graphics Project\Market Maven\main.cpp(97,1): warning C4305:         with
F:\Graphics Project\Market Maven\main.cpp(97,1): warning C4305:         [
F:\Graphics Project\Market Maven\main.cpp(97,1): warning C4305:             _Ty=float
F:\Graphics Project\Market Maven\main.cpp(97,1): warning C4305:         ]
F:\Graphics Project\Market Maven\main.cpp(97,10): warning C4305: 'initializing': truncation from 'double' to '_Ty'
F:\Graphics Project\Market Maven\main.cpp(97,10): warning C4305:         with
F:\Graphics Project\Market Maven\main.cpp(97,10): warning C4305:         [
F:\Graphics Project\Market Maven\main.cpp(97,10): warning C4305:             _Ty=float
F:\Graphics Project\Market Maven\main.cpp(97,10): warning C4305:         ]
F:\Graphics Project\Market Maven\main.cpp(97,18): warning C4305: 'initializing': truncation from 'double' to '_Ty'
F:\Graphics Project\Market Maven\main.cpp(97,18): warning C4305:         with
F:\Graphics Project\Market Maven\main.cpp(97,18): warning C4305:         [
F:\Graphics Project\Market Maven\main.cpp(97,18): warning C4305:             _Ty=float
F:\Graphics Project\Market Maven\main.cpp(97,18): warning C4305:         ]
F:\Graphics Project\Market Maven\main.cpp(98,1): warning C4305: 'initializing': truncation from 'double' to '_Ty'
F:\Graphics Project\Market Maven\main.cpp(98,1): warning C4305:         with
F:\Graphics Project\Market Maven\main.cpp(98,1): warning C4305:         [
F:\Graphics Project\Market Maven\main.cpp(98,1): warning C4305:             _Ty=float
F:\Graphics Project\Market Maven\main.cpp(98,1): warning C4305:         ]
F:\Graphics Project\Market Maven\main.cpp(98,10): warning C4305: 'initializing': truncation from 'double' to '_Ty'
F:\Graphics Project\Market Maven\main.cpp(98,10): warning C4305:         with
F:\Graphics Project\Market Maven\main.cpp(98,10): warning C4305:         [
F:\Graphics Project\Market Maven\main.cpp(98,10): warning C4305:             _Ty=float
F:\Graphics Project\Market Maven\main.cpp(98,10): warning C4305:         ]
F:\Graphics Project\Market Maven\main.cpp(98,18): warning C4305: 'initializing': truncation from 'double' to '_Ty'
F:\Graphics Project\Market Maven\main.cpp(98,18): warning C4305:         with
F:\Graphics Project\Market Maven\main.cpp(98,18): warning C4305:         [
F:\Graphics Project\Market Maven\main.cpp(98,18): warning C4305:             _Ty=float
F:\Graphics Project\Market Maven\main.cpp(98,18): warning C4305:         ]
F:\Graphics Project\Market Maven\main.cpp(99,1): warning C4305: 'initializing': truncation from 'double' to '_Ty'
F:\Graphics Project\Market Maven\main.cpp(99,1): warning C4305:         with
F:\Graphics Project\Market Maven\main.cpp(99,1): warning C4305:         [
F:\Graphics Project\Market Maven\main.cpp(99,1): warning C4305:             _Ty=float
F:\Graphics Project\Market Maven\main.cpp(99,1): warning C4305:         ]
F:\Graphics Project\Market Maven\main.cpp(99,10): warning C4305: 'initializing': truncation from 'double' to '_Ty'
F:\Graphics Project\Market Maven\main.cpp(99,10): warning C4305:         with
F:\Graphics Project\Market Maven\main.cpp(99,10): warning C4305:         [
F:\Graphics Project\Market Maven\main.cpp(99,10): warning C4305:             _Ty=float
F:\Graphics Project\Market Maven\main.cpp(99,10): warning C4305:         ]
F:\Graphics Project\Market Maven\main.cpp(99,18): warning C4305: 'initializing': truncation from 'double' to '_Ty'
F:\Graphics Project\Market Maven\main.cpp(99,18): warning C4305:         with
F:\Graphics Project\Market Maven\main.cpp(99,18): warning C4305:         [
F:\Graphics Project\Market Maven\main.cpp(99,18): warning C4305:             _Ty=float
F:\Graphics Project\Market Maven\main.cpp(99,18): warning C4305:         ]
F:\Graphics Project\Market Maven\main.cpp(100,1): warning C4305: 'initializing': truncation from 'double' to '_Ty'
F:\Graphics Project\Market Maven\main.cpp(100,1): warning C4305:         with
F:\Graphics Project\Market Maven\main.cpp(100,1): warning C4305:         [
F:\Graphics Project\Market Maven\main.cpp(100,1): warning C4305:             _Ty=float
F:\Graphics Project\Market Maven\main.cpp(100,1): warning C4305:         ]
F:\Graphics Project\Market Maven\main.cpp(100,10): warning C4305: 'initializing': truncation from 'double' to '_Ty'
F:\Graphics Project\Market Maven\main.cpp(100,10): warning C4305:         with
F:\Graphics Project\Market Maven\main.cpp(100,10): warning C4305:         [
F:\Graphics Project\Market Maven\main.cpp(100,10): warning C4305:             _Ty=float
F:\Graphics Project\Market Maven\main.cpp(100,10): warning C4305:         ]
F:\Graphics Project\Market Maven\main.cpp(100,18): warning C4305: 'initializing': truncation from 'double' to '_Ty'
F:\Graphics Project\Market Maven\main.cpp(100,18): warning C4305:         with
F:\Graphics Project\Market Maven\main.cpp(100,18): warning C4305:         [
F:\Graphics Project\Market Maven\main.cpp(100,18): warning C4305:             _Ty=float
F:\Graphics Project\Market Maven\main.cpp(100,18): warning C4305:         ]
F:\Graphics Project\Market Maven\main.cpp(101,1): warning C4305: 'initializing': truncation from 'double' to '_Ty'
F:\Graphics Project\Market Maven\main.cpp(101,1): warning C4305:         with
F:\Graphics Project\Market Maven\main.cpp(101,1): warning C4305:         [
F:\Graphics Project\Market Maven\main.cpp(101,1): warning C4305:             _Ty=float
F:\Graphics Project\Market Maven\main.cpp(101,1): warning C4305:         ]
F:\Graphics Project\Market Maven\main.cpp(101,10): warning C4305: 'initializing': truncation from 'double' to '_Ty'
F:\Graphics Project\Market Maven\main.cpp(101,10): warning C4305:         with
F:\Graphics Project\Market Maven\main.cpp(101,10): warning C4305:         [
F:\Graphics Project\Market Maven\main.cpp(101,10): warning C4305:             _Ty=float
F:\Graphics Project\Market Maven\main.cpp(101,10): warning C4305:         ]
F:\Graphics Project\Market Maven\main.cpp(101,18): warning C4305: 'initializing': truncation from 'double' to '_Ty'
F:\Graphics Project\Market Maven\main.cpp(101,18): warning C4305:         with
F:\Graphics Project\Market Maven\main.cpp(101,18): warning C4305:         [
F:\Graphics Project\Market Maven\main.cpp(101,18): warning C4305:             _Ty=float
F:\Graphics Project\Market Maven\main.cpp(101,18): warning C4305:         ]
F:\Graphics Project\Market Maven\main.cpp(102,1): warning C4305: 'initializing': truncation from 'double' to '_Ty'
F:\Graphics Project\Market Maven\main.cpp(102,1): warning C4305:         with
F:\Graphics Project\Market Maven\main.cpp(102,1): warning C4305:         [
F:\Graphics Project\Market Maven\main.cpp(102,1): warning C4305:             _Ty=float
F:\Graphics Project\Market Maven\main.cpp(102,1): warning C4305:         ]
F:\Graphics Project\Market Maven\main.cpp(102,10): warning C4305: 'initializing': truncation from 'double' to '_Ty'
F:\Graphics Project\Market Maven\main.cpp(102,10): warning C4305:         with
F:\Graphics Project\Market Maven\main.cpp(102,10): warning C4305:         [
F:\Graphics Project\Market Maven\main.cpp(102,10): warning C4305:             _Ty=float
F:\Graphics Project\Market Maven\main.cpp(102,10): warning C4305:         ]
F:\Graphics Project\Market Maven\main.cpp(102,18): warning C4305: 'initializing': truncation from 'double' to '_Ty'
F:\Graphics Project\Market Maven\main.cpp(102,18): warning C4305:         with
F:\Graphics Project\Market Maven\main.cpp(102,18): warning C4305:         [
F:\Graphics Project\Market Maven\main.cpp(102,18): warning C4305:             _Ty=float
F:\Graphics Project\Market Maven\main.cpp(102,18): warning C4305:         ]
F:\Graphics Project\Market Maven\main.cpp(103,1): warning C4305: 'initializing': truncation from 'double' to '_Ty'
F:\Graphics Project\Market Maven\main.cpp(103,1): warning C4305:         with
F:\Graphics Project\Market Maven\main.cpp(103,1): warning C4305:         [
F:\Graphics Project\Market Maven\main.cpp(103,1): warning C4305:             _Ty=float
F:\Graphics Project\Market Maven\main.cpp(103,1): warning C4305:         ]
F:\Graphics Project\Market Maven\main.cpp(103,10): warning C4305: 'initializing': truncation from 'double' to '_Ty'
F:\Graphics Project\Market Maven\main.cpp(103,10): warning C4305:         with
F:\Graphics Project\Market Maven\main.cpp(103,10): warning C4305:         [
F:\Graphics Project\Market Maven\main.cpp(103,10): warning C4305:             _Ty=float
F:\Graphics Project\Market Maven\main.cpp(103,10): warning C4305:         ]
F:\Graphics Project\Market Maven\main.cpp(103,18): warning C4305: 'initializing': truncation from 'double' to '_Ty'
F:\Graphics Project\Market Maven\main.cpp(103,18): warning C4305:         with
F:\Graphics Project\Market Maven\main.cpp(103,18): warning C4305:         [
F:\Graphics Project\Market Maven\main.cpp(103,18): warning C4305:             _Ty=float
F:\Graphics Project\Market Maven\main.cpp(103,18): warning C4305:         ]
F:\Graphics Project\Market Maven\main.cpp(104,1): warning C4305: 'initializing': truncation from 'double' to '_Ty'
F:\Graphics Project\Market Maven\main.cpp(104,1): warning C4305:         with
F:\Graphics Project\Market Maven\main.cpp(104,1): warning C4305:         [
F:\Graphics Project\Market Maven\main.cpp(104,1): warning C4305:             _Ty=float
F:\Graphics Project\Market Maven\main.cpp(104,1): warning C4305:         ]
F:\Graphics Project\Market Maven\main.cpp(104,10): warning C4305: 'initializing': truncation from 'double' to '_Ty'
F:\Graphics Project\Market Maven\main.cpp(104,10): warning C4305:         with
F:\Graphics Project\Market Maven\main.cpp(104,10): warning C4305:         [
F:\Graphics Project\Market Maven\main.cpp(104,10): warning C4305:             _Ty=float
F:\Graphics Project\Market Maven\main.cpp(104,10): warning C4305:         ]
F:\Graphics Project\Market Maven\main.cpp(104,18): warning C4305: 'initializing': truncation from 'double' to '_Ty'
F:\Graphics Project\Market Maven\main.cpp(104,18): warning C4305:         with
F:\Graphics Project\Market Maven\main.cpp(104,18): warning C4305:         [
F:\Graphics Project\Market Maven\main.cpp(104,18): warning C4305:             _Ty=float
F:\Graphics Project\Market Maven\main.cpp(104,18): warning C4305:         ]
F:\Graphics Project\Market Maven\main.cpp(105,1): warning C4305: 'initializing': truncation from 'double' to '_Ty'
F:\Graphics Project\Market Maven\main.cpp(105,1): warning C4305:         with
F:\Graphics Project\Market Maven\main.cpp(105,1): warning C4305:         [
F:\Graphics Project\Market Maven\main.cpp(105,1): warning C4305:             _Ty=float
F:\Graphics Project\Market Maven\main.cpp(105,1): warning C4305:         ]
F:\Graphics Project\Market Maven\main.cpp(105,10): warning C4305: 'initializing': truncation from 'double' to '_Ty'
F:\Graphics Project\Market Maven\main.cpp(105,10): warning C4305:         with
F:\Graphics Project\Market Maven\main.cpp(105,10): warning C4305:         [
F:\Graphics Project\Market Maven\main.cpp(105,10): warning C4305:             _Ty=float
F:\Graphics Project\Market Maven\main.cpp(105,10): warning C4305:         ]
F:\Graphics Project\Market Maven\main.cpp(105,18): warning C4305: 'initializing': truncation from 'double' to '_Ty'
F:\Graphics Project\Market Maven\main.cpp(105,18): warning C4305:         with
F:\Graphics Project\Market Maven\main.cpp(105,18): warning C4305:         [
F:\Graphics Project\Market Maven\main.cpp(105,18): warning C4305:             _Ty=float
F:\Graphics Project\Market Maven\main.cpp(105,18): warning C4305:         ]
F:\Graphics Project\Market Maven\main.cpp(106,1): warning C4305: 'initializing': truncation from 'double' to '_Ty'
F:\Graphics Project\Market Maven\main.cpp(106,1): warning C4305:         with
F:\Graphics Project\Market Maven\main.cpp(106,1): warning C4305:         [
F:\Graphics Project\Market Maven\main.cpp(106,1): warning C4305:             _Ty=float
F:\Graphics Project\Market Maven\main.cpp(106,1): warning C4305:         ]
F:\Graphics Project\Market Maven\main.cpp(106,10): warning C4305: 'initializing': truncation from 'double' to '_Ty'
F:\Graphics Project\Market Maven\main.cpp(106,10): warning C4305:         with
F:\Graphics Project\Market Maven\main.cpp(106,10): warning C4305:         [
F:\Graphics Project\Market Maven\main.cpp(106,10): warning C4305:             _Ty=float
F:\Graphics Project\Market Maven\main.cpp(106,10): warning C4305:         ]
F:\Graphics Project\Market Maven\main.cpp(106,18): warning C4305: 'initializing': truncation from 'double' to '_Ty'
F:\Graphics Project\Market Maven\main.cpp(106,18): warning C4305:         with
F:\Graphics Project\Market Maven\main.cpp(106,18): warning C4305:         [
F:\Graphics Project\Market Maven\main.cpp(106,18): warning C4305:             _Ty=float
F:\Graphics Project\Market Maven\main.cpp(106,18): warning C4305:         ]
F:\Graphics Project\Market Maven\main.cpp(116,1): warning C4305: 'initializing': truncation from 'double' to '_Ty'
F:\Graphics Project\Market Maven\main.cpp(116,1): warning C4305:         with
F:\Graphics Project\Market Maven\main.cpp(116,1): warning C4305:         [
F:\Graphics Project\Market Maven\main.cpp(116,1): warning C4305:             _Ty=float
F:\Graphics Project\Market Maven\main.cpp(116,1): warning C4305:         ]
F:\Graphics Project\Market Maven\main.cpp(116,10): warning C4305: 'initializing': truncation from 'double' to '_Ty'
F:\Graphics Project\Market Maven\main.cpp(116,10): warning C4305:         with
F:\Graphics Project\Market Maven\main.cpp(116,10): warning C4305:         [
F:\Graphics Project\Market Maven\main.cpp(116,10): warning C4305:             _Ty=float
F:\Graphics Project\Market Maven\main.cpp(116,10): warning C4305:         ]
F:\Graphics Project\Market Maven\main.cpp(116,18): warning C4305: 'initializing': truncation from 'double' to '_Ty'
F:\Graphics Project\Market Maven\main.cpp(116,18): warning C4305:         with
F:\Graphics Project\Market Maven\main.cpp(116,18): warning C4305:         [
F:\Graphics Project\Market Maven\main.cpp(116,18): warning C4305:             _Ty=float
F:\Graphics Project\Market Maven\main.cpp(116,18): warning C4305:         ]
F:\Graphics Project\Market Maven\main.cpp(117,1): warning C4305: 'initializing': truncation from 'double' to '_Ty'
F:\Graphics Project\Market Maven\main.cpp(117,1): warning C4305:         with
F:\Graphics Project\Market Maven\main.cpp(117,1): warning C4305:         [
F:\Graphics Project\Market Maven\main.cpp(117,1): warning C4305:             _Ty=float
F:\Graphics Project\Market Maven\main.cpp(117,1): warning C4305:         ]
F:\Graphics Project\Market Maven\main.cpp(117,10): warning C4305: 'initializing': truncation from 'double' to '_Ty'
F:\Graphics Project\Market Maven\main.cpp(117,10): warning C4305:         with
F:\Graphics Project\Market Maven\main.cpp(117,10): warning C4305:         [
F:\Graphics Project\Market Maven\main.cpp(117,10): warning C4305:             _Ty=float
F:\Graphics Project\Market Maven\main.cpp(117,10): warning C4305:         ]
F:\Graphics Project\Market Maven\main.cpp(117,18): warning C4305: 'initializing': truncation from 'double' to '_Ty'
F:\Graphics Project\Market Maven\main.cpp(117,18): warning C4305:         with
F:\Graphics Project\Market Maven\main.cpp(117,18): warning C4305:         [
F:\Graphics Project\Market Maven\main.cpp(117,18): warning C4305:             _Ty=float
F:\Graphics Project\Market Maven\main.cpp(117,18): warning C4305:         ]
F:\Graphics Project\Market Maven\main.cpp(118,1): warning C4305: 'initializing': truncation from 'double' to '_Ty'
F:\Graphics Project\Market Maven\main.cpp(118,1): warning C4305:         with
F:\Graphics Project\Market Maven\main.cpp(118,1): warning C4305:         [
F:\Graphics Project\Market Maven\main.cpp(118,1): warning C4305:             _Ty=float
F:\Graphics Project\Market Maven\main.cpp(118,1): warning C4305:         ]
F:\Graphics Project\Market Maven\main.cpp(118,10): warning C4305: 'initializing': truncation from 'double' to '_Ty'
F:\Graphics Project\Market Maven\main.cpp(118,10): warning C4305:         with
F:\Graphics Project\Market Maven\main.cpp(118,10): warning C4305:         [
F:\Graphics Project\Market Maven\main.cpp(118,10): warning C4305:             _Ty=float
F:\Graphics Project\Market Maven\main.cpp(118,10): warning C4305:         ]
F:\Graphics Project\Market Maven\main.cpp(118,18): warning C4305: 'initializing': truncation from 'double' to '_Ty'
F:\Graphics Project\Market Maven\main.cpp(118,18): warning C4305:         with
F:\Graphics Project\Market Maven\main.cpp(118,18): warning C4305:         [
F:\Graphics Project\Market Maven\main.cpp(118,18): warning C4305:             _Ty=float
F:\Graphics Project\Market Maven\main.cpp(118,18): warning C4305:         ]
F:\Graphics Project\Market Maven\main.cpp(119,1): warning C4305: 'initializing': truncation from 'double' to '_Ty'
F:\Graphics Project\Market Maven\main.cpp(119,1): warning C4305:         with
F:\Graphics Project\Market Maven\main.cpp(119,1): warning C4305:         [
F:\Graphics Project\Market Maven\main.cpp(119,1): warning C4305:             _Ty=float
F:\Graphics Project\Market Maven\main.cpp(119,1): warning C4305:         ]
F:\Graphics Project\Market Maven\main.cpp(119,10): warning C4305: 'initializing': truncation from 'double' to '_Ty'
F:\Graphics Project\Market Maven\main.cpp(119,10): warning C4305:         with
F:\Graphics Project\Market Maven\main.cpp(119,10): warning C4305:         [
F:\Graphics Project\Market Maven\main.cpp(119,10): warning C4305:             _Ty=float
F:\Graphics Project\Market Maven\main.cpp(119,10): warning C4305:         ]
F:\Graphics Project\Market Maven\main.cpp(119,18): warning C4305: 'initializing': truncation from 'double' to '_Ty'
F:\Graphics Project\Market Maven\main.cpp(119,18): warning C4305:         with
F:\Graphics Project\Market Maven\main.cpp(119,18): warning C4305:         [
F:\Graphics Project\Market Maven\main.cpp(119,18): warning C4305:             _Ty=float
F:\Graphics Project\Market Maven\main.cpp(119,18): warning C4305:         ]
F:\Graphics Project\Market Maven\main.cpp(120,1): warning C4305: 'initializing': truncation from 'double' to '_Ty'
F:\Graphics Project\Market Maven\main.cpp(120,1): warning C4305:         with
F:\Graphics Project\Market Maven\main.cpp(120,1): warning C4305:         [
F:\Graphics Project\Market Maven\main.cpp(120,1): warning C4305:             _Ty=float
F:\Graphics Project\Market Maven\main.cpp(120,1): warning C4305:         ]
F:\Graphics Project\Market Maven\main.cpp(120,10): warning C4305: 'initializing': truncation from 'double' to '_Ty'
F:\Graphics Project\Market Maven\main.cpp(120,10): warning C4305:         with
F:\Graphics Project\Market Maven\main.cpp(120,10): warning C4305:         [
F:\Graphics Project\Market Maven\main.cpp(120,10): warning C4305:             _Ty=float
F:\Graphics Project\Market Maven\main.cpp(120,10): warning C4305:         ]
F:\Graphics Project\Market Maven\main.cpp(120,18): warning C4305: 'initializing': truncation from 'double' to '_Ty'
F:\Graphics Project\Market Maven\main.cpp(120,18): warning C4305:         with
F:\Graphics Project\Market Maven\main.cpp(120,18): warning C4305:         [
F:\Graphics Project\Market Maven\main.cpp(120,18): warning C4305:             _Ty=float
F:\Graphics Project\Market Maven\main.cpp(120,18): warning C4305:         ]
F:\Graphics Project\Market Maven\main.cpp(121,1): warning C4305: 'initializing': truncation from 'double' to '_Ty'
F:\Graphics Project\Market Maven\main.cpp(121,1): warning C4305:         with
F:\Graphics Project\Market Maven\main.cpp(121,1): warning C4305:         [
F:\Graphics Project\Market Maven\main.cpp(121,1): warning C4305:             _Ty=float
F:\Graphics Project\Market Maven\main.cpp(121,1): warning C4305:         ]
F:\Graphics Project\Market Maven\main.cpp(121,10): warning C4305: 'initializing': truncation from 'double' to '_Ty'
F:\Graphics Project\Market Maven\main.cpp(121,10): warning C4305:         with
F:\Graphics Project\Market Maven\main.cpp(121,10): warning C4305:         [
F:\Graphics Project\Market Maven\main.cpp(121,10): warning C4305:             _Ty=float
F:\Graphics Project\Market Maven\main.cpp(121,10): warning C4305:         ]
F:\Graphics Project\Market Maven\main.cpp(121,18): warning C4305: 'initializing': truncation from 'double' to '_Ty'
F:\Graphics Project\Market Maven\main.cpp(121,18): warning C4305:         with
F:\Graphics Project\Market Maven\main.cpp(121,18): warning C4305:         [
F:\Graphics Project\Market Maven\main.cpp(121,18): warning C4305:             _Ty=float
F:\Graphics Project\Market Maven\main.cpp(121,18): warning C4305:         ]
F:\Graphics Project\Market Maven\main.cpp(122,1): warning C4305: 'initializing': truncation from 'double' to '_Ty'
F:\Graphics Project\Market Maven\main.cpp(122,1): warning C4305:         with
F:\Graphics Project\Market Maven\main.cpp(122,1): warning C4305:         [
F:\Graphics Project\Market Maven\main.cpp(122,1): warning C4305:             _Ty=float
F:\Graphics Project\Market Maven\main.cpp(122,1): warning C4305:         ]
F:\Graphics Project\Market Maven\main.cpp(122,10): warning C4305: 'initializing': truncation from 'double' to '_Ty'
F:\Graphics Project\Market Maven\main.cpp(122,10): warning C4305:         with
F:\Graphics Project\Market Maven\main.cpp(122,10): warning C4305:         [
F:\Graphics Project\Market Maven\main.cpp(122,10): warning C4305:             _Ty=float
F:\Graphics Project\Market Maven\main.cpp(122,10): warning C4305:         ]
F:\Graphics Project\Market Maven\main.cpp(122,18): warning C4305: 'initializing': truncation from 'double' to '_Ty'
F:\Graphics Project\Market Maven\main.cpp(122,18): warning C4305:         with
F:\Graphics Project\Market Maven\main.cpp(122,18): warning C4305:         [
F:\Graphics Project\Market Maven\main.cpp(122,18): warning C4305:             _Ty=float
F:\Graphics Project\Market Maven\main.cpp(122,18): warning C4305:         ]
F:\Graphics Project\Market Maven\main.cpp(123,1): warning C4305: 'initializing': truncation from 'double' to '_Ty'
F:\Graphics Project\Market Maven\main.cpp(123,1): warning C4305:         with
F:\Graphics Project\Market Maven\main.cpp(123,1): warning C4305:         [
F:\Graphics Project\Market Maven\main.cpp(123,1): warning C4305:             _Ty=float
F:\Graphics Project\Market Maven\main.cpp(123,1): warning C4305:         ]
F:\Graphics Project\Market Maven\main.cpp(123,9): warning C4305: 'initializing': truncation from 'double' to '_Ty'
F:\Graphics Project\Market Maven\main.cpp(123,9): warning C4305:         with
F:\Graphics Project\Market Maven\main.cpp(123,9): warning C4305:         [
F:\Graphics Project\Market Maven\main.cpp(123,9): warning C4305:             _Ty=float
F:\Graphics Project\Market Maven\main.cpp(123,9): warning C4305:         ]
F:\Graphics Project\Market Maven\main.cpp(123,17): warning C4305: 'initializing': truncation from 'double' to '_Ty'
F:\Graphics Project\Market Maven\main.cpp(123,17): warning C4305:         with
F:\Graphics Project\Market Maven\main.cpp(123,17): warning C4305:         [
F:\Graphics Project\Market Maven\main.cpp(123,17): warning C4305:             _Ty=float
F:\Graphics Project\Market Maven\main.cpp(123,17): warning C4305:         ]
F:\Graphics Project\Market Maven\main.cpp(124,1): warning C4305: 'initializing': truncation from 'double' to '_Ty'
F:\Graphics Project\Market Maven\main.cpp(124,1): warning C4305:         with
F:\Graphics Project\Market Maven\main.cpp(124,1): warning C4305:         [
F:\Graphics Project\Market Maven\main.cpp(124,1): warning C4305:             _Ty=float
F:\Graphics Project\Market Maven\main.cpp(124,1): warning C4305:         ]
F:\Graphics Project\Market Maven\main.cpp(124,9): warning C4305: 'initializing': truncation from 'double' to '_Ty'
F:\Graphics Project\Market Maven\main.cpp(124,9): warning C4305:         with
F:\Graphics Project\Market Maven\main.cpp(124,9): warning C4305:         [
F:\Graphics Project\Market Maven\main.cpp(124,9): warning C4305:             _Ty=float
F:\Graphics Project\Market Maven\main.cpp(124,9): warning C4305:         ]
F:\Graphics Project\Market Maven\main.cpp(124,17): warning C4305: 'initializing': truncation from 'double' to '_Ty'
F:\Graphics Project\Market Maven\main.cpp(124,17): warning C4305:         with
F:\Graphics Project\Market Maven\main.cpp(124,17): warning C4305:         [
F:\Graphics Project\Market Maven\main.cpp(124,17): warning C4305:             _Ty=float
F:\Graphics Project\Market Maven\main.cpp(124,17): warning C4305:         ]
F:\Graphics Project\Market Maven\main.cpp(125,1): warning C4305: 'initializing': truncation from 'double' to '_Ty'
F:\Graphics Project\Market Maven\main.cpp(125,1): warning C4305:         with
F:\Graphics Project\Market Maven\main.cpp(125,1): warning C4305:         [
F:\Graphics Project\Market Maven\main.cpp(125,1): warning C4305:             _Ty=float
F:\Graphics Project\Market Maven\main.cpp(125,1): warning C4305:         ]
F:\Graphics Project\Market Maven\main.cpp(125,9): warning C4305: 'initializing': truncation from 'double' to '_Ty'
F:\Graphics Project\Market Maven\main.cpp(125,9): warning C4305:         with
F:\Graphics Project\Market Maven\main.cpp(125,9): warning C4305:         [
F:\Graphics Project\Market Maven\main.cpp(125,9): warning C4305:             _Ty=float
F:\Graphics Project\Market Maven\main.cpp(125,9): warning C4305:         ]
F:\Graphics Project\Market Maven\main.cpp(125,17): warning C4305: 'initializing': truncation from 'double' to '_Ty'
F:\Graphics Project\Market Maven\main.cpp(125,17): warning C4305:         with
F:\Graphics Project\Market Maven\main.cpp(125,17): warning C4305:         [
F:\Graphics Project\Market Maven\main.cpp(125,17): warning C4305:             _Ty=float
F:\Graphics Project\Market Maven\main.cpp(125,17): warning C4305:         ]
F:\Graphics Project\Market Maven\main.cpp(126,1): warning C4305: 'initializing': truncation from 'double' to '_Ty'
F:\Graphics Project\Market Maven\main.cpp(126,1): warning C4305:         with
F:\Graphics Project\Market Maven\main.cpp(126,1): warning C4305:         [
F:\Graphics Project\Market Maven\main.cpp(126,1): warning C4305:             _Ty=float
F:\Graphics Project\Market Maven\main.cpp(126,1): warning C4305:         ]
F:\Graphics Project\Market Maven\main.cpp(126,9): warning C4305: 'initializing': truncation from 'double' to '_Ty'
F:\Graphics Project\Market Maven\main.cpp(126,9): warning C4305:         with
F:\Graphics Project\Market Maven\main.cpp(126,9): warning C4305:         [
F:\Graphics Project\Market Maven\main.cpp(126,9): warning C4305:             _Ty=float
F:\Graphics Project\Market Maven\main.cpp(126,9): warning C4305:         ]
F:\Graphics Project\Market Maven\main.cpp(126,17): warning C4305: 'initializing': truncation from 'double' to '_Ty'
F:\Graphics Project\Market Maven\main.cpp(126,17): warning C4305:         with
F:\Graphics Project\Market Maven\main.cpp(126,17): warning C4305:         [
F:\Graphics Project\Market Maven\main.cpp(126,17): warning C4305:             _Ty=float
F:\Graphics Project\Market Maven\main.cpp(126,17): warning C4305:         ]
F:\Graphics Project\Market Maven\main.cpp(127,1): warning C4305: 'initializing': truncation from 'double' to '_Ty'
F:\Graphics Project\Market Maven\main.cpp(127,1): warning C4305:         with
F:\Graphics Project\Market Maven\main.cpp(127,1): warning C4305:         [
F:\Graphics Project\Market Maven\main.cpp(127,1): warning C4305:             _Ty=float
F:\Graphics Project\Market Maven\main.cpp(127,1): warning C4305:         ]
F:\Graphics Project\Market Maven\main.cpp(127,9): warning C4305: 'initializing': truncation from 'double' to '_Ty'
F:\Graphics Project\Market Maven\main.cpp(127,9): warning C4305:         with
F:\Graphics Project\Market Maven\main.cpp(127,9): warning C4305:         [
F:\Graphics Project\Market Maven\main.cpp(127,9): warning C4305:             _Ty=float
F:\Graphics Project\Market Maven\main.cpp(127,9): warning C4305:         ]
F:\Graphics Project\Market Maven\main.cpp(127,17): warning C4305: 'initializing': truncation from 'double' to '_Ty'
F:\Graphics Project\Market Maven\main.cpp(127,17): warning C4305:         with
F:\Graphics Project\Market Maven\main.cpp(127,17): warning C4305:         [
F:\Graphics Project\Market Maven\main.cpp(127,17): warning C4305:             _Ty=float
F:\Graphics Project\Market Maven\main.cpp(127,17): warning C4305:         ]
F:\Graphics Project\Market Maven\main.cpp(128,1): warning C4305: 'initializing': truncation from 'double' to '_Ty'
F:\Graphics Project\Market Maven\main.cpp(128,1): warning C4305:         with
F:\Graphics Project\Market Maven\main.cpp(128,1): warning C4305:         [
F:\Graphics Project\Market Maven\main.cpp(128,1): warning C4305:             _Ty=float
F:\Graphics Project\Market Maven\main.cpp(128,1): warning C4305:         ]
F:\Graphics Project\Market Maven\main.cpp(128,9): warning C4305: 'initializing': truncation from 'double' to '_Ty'
F:\Graphics Project\Market Maven\main.cpp(128,9): warning C4305:         with
F:\Graphics Project\Market Maven\main.cpp(128,9): warning C4305:         [
F:\Graphics Project\Market Maven\main.cpp(128,9): warning C4305:             _Ty=float
F:\Graphics Project\Market Maven\main.cpp(128,9): warning C4305:         ]
F:\Graphics Project\Market Maven\main.cpp(128,17): warning C4305: 'initializing': truncation from 'double' to '_Ty'
F:\Graphics Project\Market Maven\main.cpp(128,17): warning C4305:         with
F:\Graphics Project\Market Maven\main.cpp(128,17): warning C4305:         [
F:\Graphics Project\Market Maven\main.cpp(128,17): warning C4305:             _Ty=float
F:\Graphics Project\Market Maven\main.cpp(128,17): warning C4305:         ]
F:\Graphics Project\Market Maven\main.cpp(129,1): warning C4305: 'initializing': truncation from 'double' to '_Ty'
F:\Graphics Project\Market Maven\main.cpp(129,1): warning C4305:         with
F:\Graphics Project\Market Maven\main.cpp(129,1): warning C4305:         [
F:\Graphics Project\Market Maven\main.cpp(129,1): warning C4305:             _Ty=float
F:\Graphics Project\Market Maven\main.cpp(129,1): warning C4305:         ]
F:\Graphics Project\Market Maven\main.cpp(129,9): warning C4305: 'initializing': truncation from 'double' to '_Ty'
F:\Graphics Project\Market Maven\main.cpp(129,9): warning C4305:         with
F:\Graphics Project\Market Maven\main.cpp(129,9): warning C4305:         [
F:\Graphics Project\Market Maven\main.cpp(129,9): warning C4305:             _Ty=float
F:\Graphics Project\Market Maven\main.cpp(129,9): warning C4305:         ]
F:\Graphics Project\Market Maven\main.cpp(129,17): warning C4305: 'initializing': truncation from 'double' to '_Ty'
F:\Graphics Project\Market Maven\main.cpp(129,17): warning C4305:         with
F:\Graphics Project\Market Maven\main.cpp(129,17): warning C4305:         [
F:\Graphics Project\Market Maven\main.cpp(129,17): warning C4305:             _Ty=float
F:\Graphics Project\Market Maven\main.cpp(129,17): warning C4305:         ]
F:\Graphics Project\Market Maven\main.cpp(130,1): warning C4305: 'initializing': truncation from 'double' to '_Ty'
F:\Graphics Project\Market Maven\main.cpp(130,1): warning C4305:         with
F:\Graphics Project\Market Maven\main.cpp(130,1): warning C4305:         [
F:\Graphics Project\Market Maven\main.cpp(130,1): warning C4305:             _Ty=float
F:\Graphics Project\Market Maven\main.cpp(130,1): warning C4305:         ]
F:\Graphics Project\Market Maven\main.cpp(130,9): warning C4305: 'initializing': truncation from 'double' to '_Ty'
F:\Graphics Project\Market Maven\main.cpp(130,9): warning C4305:         with
F:\Graphics Project\Market Maven\main.cpp(130,9): warning C4305:         [
F:\Graphics Project\Market Maven\main.cpp(130,9): warning C4305:             _Ty=float
F:\Graphics Project\Market Maven\main.cpp(130,9): warning C4305:         ]
F:\Graphics Project\Market Maven\main.cpp(130,17): warning C4305: 'initializing': truncation from 'double' to '_Ty'
F:\Graphics Project\Market Maven\main.cpp(130,17): warning C4305:         with
F:\Graphics Project\Market Maven\main.cpp(130,17): warning C4305:         [
F:\Graphics Project\Market Maven\main.cpp(130,17): warning C4305:             _Ty=float
F:\Graphics Project\Market Maven\main.cpp(130,17): warning C4305:         ]
F:\Graphics Project\Market Maven\main.cpp(131,1): warning C4305: 'initializing': truncation from 'double' to '_Ty'
F:\Graphics Project\Market Maven\main.cpp(131,1): warning C4305:         with
F:\Graphics Project\Market Maven\main.cpp(131,1): warning C4305:         [
F:\Graphics Project\Market Maven\main.cpp(131,1): warning C4305:             _Ty=float
F:\Graphics Project\Market Maven\main.cpp(131,1): warning C4305:         ]
F:\Graphics Project\Market Maven\main.cpp(131,17): warning C4305: 'initializing': truncation from 'double' to '_Ty'
F:\Graphics Project\Market Maven\main.cpp(131,17): warning C4305:         with
F:\Graphics Project\Market Maven\main.cpp(131,17): warning C4305:         [
F:\Graphics Project\Market Maven\main.cpp(131,17): warning C4305:             _Ty=float
F:\Graphics Project\Market Maven\main.cpp(131,17): warning C4305:         ]
F:\Graphics Project\Market Maven\main.cpp(132,1): warning C4305: 'initializing': truncation from 'double' to '_Ty'
F:\Graphics Project\Market Maven\main.cpp(132,1): warning C4305:         with
F:\Graphics Project\Market Maven\main.cpp(132,1): warning C4305:         [
F:\Graphics Project\Market Maven\main.cpp(132,1): warning C4305:             _Ty=float
F:\Graphics Project\Market Maven\main.cpp(132,1): warning C4305:         ]
F:\Graphics Project\Market Maven\main.cpp(132,9): warning C4305: 'initializing': truncation from 'double' to '_Ty'
F:\Graphics Project\Market Maven\main.cpp(132,9): warning C4305:         with
F:\Graphics Project\Market Maven\main.cpp(132,9): warning C4305:         [
F:\Graphics Project\Market Maven\main.cpp(132,9): warning C4305:             _Ty=float
F:\Graphics Project\Market Maven\main.cpp(132,9): warning C4305:         ]
F:\Graphics Project\Market Maven\main.cpp(132,17): warning C4305: 'initializing': truncation from 'double' to '_Ty'
F:\Graphics Project\Market Maven\main.cpp(132,17): warning C4305:         with
F:\Graphics Project\Market Maven\main.cpp(132,17): warning C4305:         [
F:\Graphics Project\Market Maven\main.cpp(132,17): warning C4305:             _Ty=float
F:\Graphics Project\Market Maven\main.cpp(132,17): warning C4305:         ]
F:\Graphics Project\Market Maven\main.cpp(133,1): warning C4305: 'initializing': truncation from 'double' to '_Ty'
F:\Graphics Project\Market Maven\main.cpp(133,1): warning C4305:         with
F:\Graphics Project\Market Maven\main.cpp(133,1): warning C4305:         [
F:\Graphics Project\Market Maven\main.cpp(133,1): warning C4305:             _Ty=float
F:\Graphics Project\Market Maven\main.cpp(133,1): warning C4305:         ]
F:\Graphics Project\Market Maven\main.cpp(133,10): warning C4305: 'initializing': truncation from 'double' to '_Ty'
F:\Graphics Project\Market Maven\main.cpp(133,10): warning C4305:         with
F:\Graphics Project\Market Maven\main.cpp(133,10): warning C4305:         [
F:\Graphics Project\Market Maven\main.cpp(133,10): warning C4305:             _Ty=float
F:\Graphics Project\Market Maven\main.cpp(133,10): warning C4305:         ]
F:\Graphics Project\Market Maven\main.cpp(133,18): warning C4305: 'initializing': truncation from 'double' to '_Ty'
F:\Graphics Project\Market Maven\main.cpp(133,18): warning C4305:         with
F:\Graphics Project\Market Maven\main.cpp(133,18): warning C4305:         [
F:\Graphics Project\Market Maven\main.cpp(133,18): warning C4305:             _Ty=float
F:\Graphics Project\Market Maven\main.cpp(133,18): warning C4305:         ]
F:\Graphics Project\Market Maven\main.cpp(134,1): warning C4305: 'initializing': truncation from 'double' to '_Ty'
F:\Graphics Project\Market Maven\main.cpp(134,1): warning C4305:         with
F:\Graphics Project\Market Maven\main.cpp(134,1): warning C4305:         [
F:\Graphics Project\Market Maven\main.cpp(134,1): warning C4305:             _Ty=float
F:\Graphics Project\Market Maven\main.cpp(134,1): warning C4305:         ]
F:\Graphics Project\Market Maven\main.cpp(134,10): warning C4305: 'initializing': truncation from 'double' to '_Ty'
F:\Graphics Project\Market Maven\main.cpp(134,10): warning C4305:         with
F:\Graphics Project\Market Maven\main.cpp(134,10): warning C4305:         [
F:\Graphics Project\Market Maven\main.cpp(134,10): warning C4305:             _Ty=float
F:\Graphics Project\Market Maven\main.cpp(134,10): warning C4305:         ]
F:\Graphics Project\Market Maven\main.cpp(134,18): warning C4305: 'initializing': truncation from 'double' to '_Ty'
F:\Graphics Project\Market Maven\main.cpp(134,18): warning C4305:         with
F:\Graphics Project\Market Maven\main.cpp(134,18): warning C4305:         [
F:\Graphics Project\Market Maven\main.cpp(134,18): warning C4305:             _Ty=float
F:\Graphics Project\Market Maven\main.cpp(134,18): warning C4305:         ]
F:\Graphics Project\Market Maven\main.cpp(135,1): warning C4305: 'initializing': truncation from 'double' to '_Ty'
F:\Graphics Project\Market Maven\main.cpp(135,1): warning C4305:         with
F:\Graphics Project\Market Maven\main.cpp(135,1): warning C4305:         [
F:\Graphics Project\Market Maven\main.cpp(135,1): warning C4305:             _Ty=float
F:\Graphics Project\Market Maven\main.cpp(135,1): warning C4305:         ]
F:\Graphics Project\Market Maven\main.cpp(135,10): warning C4305: 'initializing': truncation from 'double' to '_Ty'
F:\Graphics Project\Market Maven\main.cpp(135,10): warning C4305:         with
F:\Graphics Project\Market Maven\main.cpp(135,10): warning C4305:         [
F:\Graphics Project\Market Maven\main.cpp(135,10): warning C4305:             _Ty=float
F:\Graphics Project\Market Maven\main.cpp(135,10): warning C4305:         ]
F:\Graphics Project\Market Maven\main.cpp(135,18): warning C4305: 'initializing': truncation from 'double' to '_Ty'
F:\Graphics Project\Market Maven\main.cpp(135,18): warning C4305:         with
F:\Graphics Project\Market Maven\main.cpp(135,18): warning C4305:         [
F:\Graphics Project\Market Maven\main.cpp(135,18): warning C4305:             _Ty=float
F:\Graphics Project\Market Maven\main.cpp(135,18): warning C4305:         ]
F:\Graphics Project\Market Maven\main.cpp(136,1): warning C4305: 'initializing': truncation from 'double' to '_Ty'
F:\Graphics Project\Market Maven\main.cpp(136,1): warning C4305:         with
F:\Graphics Project\Market Maven\main.cpp(136,1): warning C4305:         [
F:\Graphics Project\Market Maven\main.cpp(136,1): warning C4305:             _Ty=float
F:\Graphics Project\Market Maven\main.cpp(136,1): warning C4305:         ]
F:\Graphics Project\Market Maven\main.cpp(136,10): warning C4305: 'initializing': truncation from 'double' to '_Ty'
F:\Graphics Project\Market Maven\main.cpp(136,10): warning C4305:         with
F:\Graphics Project\Market Maven\main.cpp(136,10): warning C4305:         [
F:\Graphics Project\Market Maven\main.cpp(136,10): warning C4305:             _Ty=float
F:\Graphics Project\Market Maven\main.cpp(136,10): warning C4305:         ]
F:\Graphics Project\Market Maven\main.cpp(136,18): warning C4305: 'initializing': truncation from 'double' to '_Ty'
F:\Graphics Project\Market Maven\main.cpp(136,18): warning C4305:         with
F:\Graphics Project\Market Maven\main.cpp(136,18): warning C4305:         [
F:\Graphics Project\Market Maven\main.cpp(136,18): warning C4305:             _Ty=float
F:\Graphics Project\Market Maven\main.cpp(136,18): warning C4305:         ]
F:\Graphics Project\Market Maven\main.cpp(137,1): warning C4305: 'initializing': truncation from 'double' to '_Ty'
F:\Graphics Project\Market Maven\main.cpp(137,1): warning C4305:         with
F:\Graphics Project\Market Maven\main.cpp(137,1): warning C4305:         [
F:\Graphics Project\Market Maven\main.cpp(137,1): warning C4305:             _Ty=float
F:\Graphics Project\Market Maven\main.cpp(137,1): warning C4305:         ]
F:\Graphics Project\Market Maven\main.cpp(137,10): warning C4305: 'initializing': truncation from 'double' to '_Ty'
F:\Graphics Project\Market Maven\main.cpp(137,10): warning C4305:         with
F:\Graphics Project\Market Maven\main.cpp(137,10): warning C4305:         [
F:\Graphics Project\Market Maven\main.cpp(137,10): warning C4305:             _Ty=float
F:\Graphics Project\Market Maven\main.cpp(137,10): warning C4305:         ]
F:\Graphics Project\Market Maven\main.cpp(137,18): warning C4305: 'initializing': truncation from 'double' to '_Ty'
F:\Graphics Project\Market Maven\main.cpp(137,18): warning C4305:         with
F:\Graphics Project\Market Maven\main.cpp(137,18): warning C4305:         [
F:\Graphics Project\Market Maven\main.cpp(137,18): warning C4305:             _Ty=float
F:\Graphics Project\Market Maven\main.cpp(137,18): warning C4305:         ]
F:\Graphics Project\Market Maven\main.cpp(138,1): warning C4305: 'initializing': truncation from 'double' to '_Ty'
F:\Graphics Project\Market Maven\main.cpp(138,1): warning C4305:         with
F:\Graphics Project\Market Maven\main.cpp(138,1): warning C4305:         [
F:\Graphics Project\Market Maven\main.cpp(138,1): warning C4305:             _Ty=float
F:\Graphics Project\Market Maven\main.cpp(138,1): warning C4305:         ]
F:\Graphics Project\Market Maven\main.cpp(138,10): warning C4305: 'initializing': truncation from 'double' to '_Ty'
F:\Graphics Project\Market Maven\main.cpp(138,10): warning C4305:         with
F:\Graphics Project\Market Maven\main.cpp(138,10): warning C4305:         [
F:\Graphics Project\Market Maven\main.cpp(138,10): warning C4305:             _Ty=float
F:\Graphics Project\Market Maven\main.cpp(138,10): warning C4305:         ]
F:\Graphics Project\Market Maven\main.cpp(138,18): warning C4305: 'initializing': truncation from 'double' to '_Ty'
F:\Graphics Project\Market Maven\main.cpp(138,18): warning C4305:         with
F:\Graphics Project\Market Maven\main.cpp(138,18): warning C4305:         [
F:\Graphics Project\Market Maven\main.cpp(138,18): warning C4305:             _Ty=float
F:\Graphics Project\Market Maven\main.cpp(138,18): warning C4305:         ]
F:\Graphics Project\Market Maven\main.cpp(286,32): warning C4101: 'rotateXMatrix': unreferenced local variable
F:\Graphics Project\Market Maven\main.cpp(286,62): warning C4101: 'rotateZMatrix': unreferenced local variable
F:\Graphics Project\Market Maven\main.cpp(286,47): warning C4101: 'rotateYMatrix': unreferenced local variable
F:\Graphics Project\Market Maven\main.cpp(416,21): warning C4244: 'initializing': conversion from 'double' to 'float', possible loss of data
F:\Graphics Project\Market Maven\main.cpp(417,21): warning C4244: 'initializing': conversion from 'double' to 'float', possible loss of data
F:\Graphics Project\Market Maven\main.cpp(510,29): warning C4305: 'argument': truncation from 'double' to 'float'
F:\Graphics Project\Market Maven\main.cpp(510,24): warning C4305: 'argument': truncation from 'double' to 'float'
F:\Graphics Project\Market Maven\main.cpp(511,26): warning C4305: 'argument': truncation from 'double' to 'float'
F:\Graphics Project\Market Maven\main.cpp(511,21): warning C4305: 'argument': truncation from 'double' to 'float'
F:\Graphics Project\Market Maven\main.cpp(512,26): warning C4305: 'argument': truncation from 'double' to 'float'
F:\Graphics Project\Market Maven\main.cpp(512,21): warning C4305: 'argument': truncation from 'double' to 'float'
F:\Graphics Project\Market Maven\main.cpp(513,26): warning C4305: 'argument': truncation from 'double' to 'float'
F:\Graphics Project\Market Maven\main.cpp(513,21): warning C4305: 'argument': truncation from 'double' to 'float'
F:\Graphics Project\Market Maven\main.cpp(514,26): warning C4305: 'argument': truncation from 'double' to 'float'
F:\Graphics Project\Market Maven\main.cpp(514,21): warning C4305: 'argument': truncation from 'double' to 'float'
F:\Graphics Project\Market Maven\main.cpp(515,26): warning C4305: 'argument': truncation from 'double' to 'float'
F:\Graphics Project\Market Maven\main.cpp(515,21): warning C4305: 'argument': truncation from 'double' to 'float'
F:\Graphics Project\Market Maven\main.cpp(516,26): warning C4305: 'argument': truncation from 'double' to 'float'
F:\Graphics Project\Market Maven\main.cpp(516,21): warning C4305: 'argument': truncation from 'double' to 'float'
F:\Graphics Project\Market Maven\main.cpp(517,26): warning C4305: 'argument': truncation from 'double' to 'float'
F:\Graphics Project\Market Maven\main.cpp(517,21): warning C4305: 'argument': truncation from 'double' to 'float'
F:\Graphics Project\Market Maven\main.cpp(518,27): warning C4305: 'argument': truncation from 'double' to 'float'
F:\Graphics Project\Market Maven\main.cpp(518,22): warning C4305: 'argument': truncation from 'double' to 'float'
F:\Graphics Project\Market Maven\main.cpp(519,27): warning C4305: 'argument': truncation from 'double' to 'float'
F:\Graphics Project\Market Maven\main.cpp(519,22): warning C4305: 'argument': truncation from 'double' to 'float'
F:\Graphics Project\Market Maven\main.cpp(750,50): warning C4305: 'argument': truncation from 'double' to 'float'
F:\Graphics Project\Market Maven\main.cpp(751,50): warning C4305: 'argument': truncation from 'double' to 'float'
F:\Graphics Project\Market Maven\main.cpp(764,50): warning C4305: 'argument': truncation from 'double' to 'float'
F:\Graphics Project\Market Maven\main.cpp(765,50): warning C4305: 'argument': truncation from 'double' to 'float'
F:\Graphics Project\Market Maven\main.cpp(995,75): warning C4244: 'argument': conversion from 'double' to 'float', possible loss of data
F:\Graphics Project\Market Maven\main.cpp(999,75): warning C4244: 'argument': conversion from 'double' to 'float', possible loss of data
F:\Graphics Project\Market Maven\main.cpp(1004,76): warning C4244: 'argument': conversion from 'double' to 'float', possible loss of data
F:\Graphics Project\Market Maven\main.cpp(1009,89): warning C4244: 'argument': conversion from 'double' to 'float', possible loss of data
F:\Graphics Project\Market Maven\main.cpp(1014,58): warning C4244: 'argument': conversion from 'double' to 'float', possible loss of data
F:\Graphics Project\Market Maven\main.cpp(1021,93): warning C4244: 'argument': conversion from 'double' to 'float', possible loss of data
F:\Graphics Project\Market Maven\main.cpp(1025,93): warning C4244: 'argument': conversion from 'double' to 'float', possible loss of data
F:\Graphics Project\Market Maven\main.cpp(1030,94): warning C4244: 'argument': conversion from 'double' to 'float', possible loss of data
F:\Graphics Project\Market Maven\main.cpp(1039,77): warning C4244: 'argument': conversion from 'double' to 'float', possible loss of data
F:\Graphics Project\Market Maven\main.cpp(1053,107): warning C4244: 'argument': conversion from 'double' to 'float', possible loss of data
F:\Graphics Project\Market Maven\main.cpp(1084,59): warning C4244: 'argument': conversion from 'double' to 'float', possible loss of data
F:\Graphics Project\Market Maven\main.cpp(1089,88): warning C4244: 'argument': conversion from 'double' to 'float', possible loss of data
F:\Graphics Project\Market Maven\main.cpp(1104,91): warning C4244: 'argument': conversion from 'double' to 'float', possible loss of data
F:\Graphics Project\Market Maven\main.cpp(1104,76): warning C4244: 'argument': conversion from 'double' to 'float', possible loss of data
F:\Graphics Project\Market Maven\main.cpp(1104,58): warning C4244: 'argument': conversion from 'double' to 'float', possible loss of data
F:\Graphics Project\Market Maven\main.cpp(1115,91): warning C4244: 'argument': conversion from 'double' to 'float', possible loss of data
F:\Graphics Project\Market Maven\main.cpp(1115,75): warning C4244: 'argument': conversion from 'double' to 'float', possible loss of data
F:\Graphics Project\Market Maven\main.cpp(1115,57): warning C4244: 'argument': conversion from 'double' to 'float', possible loss of data
F:\Graphics Project\Market Maven\main.cpp(1130,92): warning C4244: 'argument': conversion from 'double' to 'float', possible loss of data
F:\Graphics Project\Market Maven\main.cpp(1130,77): warning C4244: 'argument': conversion from 'double' to 'float', possible loss of data
F:\Graphics Project\Market Maven\main.cpp(1130,59): warning C4244: 'argument': conversion from 'double' to 'float', possible loss of data
F:\Graphics Project\Market Maven\main.cpp(1133,23): warning C4244: '=': conversion from 'double' to 'float', possible loss of data
F:\Graphics Project\Market Maven\main.cpp(1134,23): warning C4244: '=': conversion from 'double' to 'float', possible loss of data
F:\Graphics Project\Market Maven\main.cpp(1191,92): warning C4244: 'argument': conversion from 'double' to 'float', possible loss of data
F:\Graphics Project\Market Maven\main.cpp(1191,77): warning C4244: 'argument': conversion from 'double' to 'float', possible loss of data
F:\Graphics Project\Market Maven\main.cpp(1191,58): warning C4244: 'argument': conversion from 'double' to 'float', possible loss of data
F:\Graphics Project\Market Maven\main.cpp(1200,89): warning C4244: 'argument': conversion from 'double' to 'float', possible loss of data
F:\Graphics Project\Market Maven\main.cpp(1200,74): warning C4244: 'argument': conversion from 'double' to 'float', possible loss of data
F:\Graphics Project\Market Maven\main.cpp(1200,55): warning C4244: 'argument': conversion from 'double' to 'float', possible loss of data
F:\Graphics Project\Market Maven\main.cpp(1228,98): warning C4244: 'argument': conversion from 'double' to 'float', possible loss of data
F:\Graphics Project\Market Maven\main.cpp(1228,83): warning C4244: 'argument': conversion from 'double' to 'float', possible loss of data
F:\Graphics Project\Market Maven\main.cpp(1228,65): warning C4244: 'argument': conversion from 'double' to 'float', possible loss of data
F:\Graphics Project\Market Maven\main.cpp(1228,43): warning C4305: 'argument': truncation from 'double' to 'float'
F:\Graphics Project\Market Maven\main.cpp(1228,36): warning C4305: 'argument': truncation from 'double' to 'float'
F:\Graphics Project\Market Maven\main.cpp(1889,44): warning C4305: '-=': truncation from 'double' to 'float'
F:\Graphics Project\Market Maven\main.cpp(1890,49): warning C4305: '-=': truncation from 'double' to 'float'
F:\Graphics Project\Market Maven\main.cpp(1891,31): warning C4305: '-=': truncation from 'double' to 'float'
F:\Graphics Project\Market Maven\main.cpp(1897,26): warning C4305: '+=': truncation from 'double' to 'float'
F:\Graphics Project\Market Maven\main.cpp(1904,26): warning C4305: '+=': truncation from 'double' to 'float'
F:\Graphics Project\Market Maven\main.cpp(1911,26): warning C4305: '+=': truncation from 'double' to 'float'
F:\Graphics Project\Market Maven\main.cpp(1919,21): warning C4244: '+=': conversion from 'double' to 'float', possible loss of data
F:\Graphics Project\Market Maven\main.cpp(1924,21): warning C4244: '-=': conversion from 'double' to 'float', possible loss of data
F:\Graphics Project\Market Maven\main.cpp(1929,21): warning C4244: '+=': conversion from 'double' to 'float', possible loss of data
F:\Graphics Project\Market Maven\main.cpp(1934,21): warning C4244: '-=': conversion from 'double' to 'float', possible loss of data
F:\Graphics Project\Market Maven\main.cpp(1939,21): warning C4244: '+=': conversion from 'double' to 'float', possible loss of data
F:\Graphics Project\Market Maven\main.cpp(1944,21): warning C4244: '-=': conversion from 'double' to 'float', possible loss of data
F:\Graphics Project\Market Maven\main.cpp(2267,33): warning C4305: 'initializing': truncation from 'double' to 'float'
F:\Graphics Project\Market Maven\main.cpp(2270,14): warning C4305: 'initializing': truncation from 'double' to 'float'
F:\Graphics Project\Market Maven\main.cpp(2280,25): warning C4244: '=': conversion from 'double' to 'float', possible loss of data
F:\Graphics Project\Market Maven\main.cpp(2286,19): warning C4244: '=': conversion from 'double' to 'float', possible loss of data
F:\Graphics Project\Market Maven\main.cpp(2287,19): warning C4244: '=': conversion from 'double' to 'float', possible loss of data
F:\Graphics Project\Market Maven\main.cpp(2408,32): warning C4101: 'rotateXMatrix': unreferenced local variable
F:\Graphics Project\Market Maven\main.cpp(2408,62): warning C4101: 'rotateZMatrix': unreferenced local variable
F:\Graphics Project\Market Maven\main.cpp(2618,19): warning C4244: '=': conversion from 'double' to 'float', possible loss of data
F:\Graphics Project\Market Maven\main.cpp(2619,19): warning C4244: '=': conversion from 'double' to 'float', possible loss of data
  Lighting.vcxproj -> F:\Graphics Project\Market Maven\x64\Debug\Lighting.exe
